{"G:\\WebVSCode\\E-CommerceWebsite\\app.js": {"path":"G:\\WebVSCode\\E-CommerceWebsite\\app.js","statementMap":{"0":{"start":{"line":1,"column":14},"end":{"line":1,"column":32}},"1":{"start":{"line":2,"column":17},"end":{"line":2,"column":26}},"2":{"start":{"line":3,"column":17},"end":{"line":3,"column":39}},"3":{"start":{"line":4,"column":13},"end":{"line":4,"column":38}},"4":{"start":{"line":5,"column":19},"end":{"line":5,"column":56}},"5":{"start":{"line":8,"column":11},"end":{"line":8,"column":36}},"6":{"start":{"line":10,"column":0},"end":{"line":10,"column":34}},"7":{"start":{"line":11,"column":0},"end":{"line":11,"column":23}},"8":{"start":{"line":12,"column":0},"end":{"line":12,"column":29}},"9":{"start":{"line":14,"column":0},"end":{"line":14,"column":34}},"10":{"start":{"line":16,"column":0},"end":{"line":18,"column":3}},"11":{"start":{"line":17,"column":4},"end":{"line":17,"column":11}},"12":{"start":{"line":20,"column":11},"end":{"line":24,"column":1}},"13":{"start":{"line":21,"column":4},"end":{"line":21,"column":23}},"14":{"start":{"line":22,"column":4},"end":{"line":22,"column":21}},"15":{"start":{"line":23,"column":4},"end":{"line":23,"column":18}},"16":{"start":{"line":26,"column":23},"end":{"line":47,"column":1}},"17":{"start":{"line":27,"column":4},"end":{"line":46,"column":6}},"18":{"start":{"line":48,"column":21},"end":{"line":82,"column":1}},"19":{"start":{"line":49,"column":4},"end":{"line":81,"column":6}},"20":{"start":{"line":83,"column":18},"end":{"line":94,"column":1}},"21":{"start":{"line":84,"column":4},"end":{"line":93,"column":7}},"22":{"start":{"line":96,"column":0},"end":{"line":96,"column":28}}},"fnMap":{"0":{"name":"(anonymous_0)","decl":{"start":{"line":16,"column":47},"end":{"line":16,"column":48}},"loc":{"start":{"line":16,"column":53},"end":{"line":18,"column":1}},"line":16},"1":{"name":"(anonymous_1)","decl":{"start":{"line":20,"column":11},"end":{"line":20,"column":12}},"loc":{"start":{"line":20,"column":22},"end":{"line":24,"column":1}},"line":20},"2":{"name":"(anonymous_2)","decl":{"start":{"line":26,"column":23},"end":{"line":26,"column":24}},"loc":{"start":{"line":26,"column":35},"end":{"line":47,"column":1}},"line":26},"3":{"name":"(anonymous_3)","decl":{"start":{"line":48,"column":21},"end":{"line":48,"column":22}},"loc":{"start":{"line":48,"column":32},"end":{"line":82,"column":1}},"line":48},"4":{"name":"(anonymous_4)","decl":{"start":{"line":83,"column":18},"end":{"line":83,"column":19}},"loc":{"start":{"line":83,"column":30},"end":{"line":94,"column":1}},"line":83}},"branchMap":{},"s":{"0":1,"1":1,"2":1,"3":1,"4":1,"5":1,"6":1,"7":1,"8":1,"9":1,"10":1,"11":1,"12":1,"13":1,"14":1,"15":1,"16":1,"17":1,"18":1,"19":1,"20":1,"21":1,"22":1},"f":{"0":1,"1":1,"2":1,"3":1,"4":1},"b":{},"_coverageSchema":"1a1c01bbd47fc00a2c39e90264f33305004495a9","hash":"19464f8a581f99375bff13ed075a39e28ee44da6"}
,"G:\\WebVSCode\\E-CommerceWebsite\\Models\\Cart.js": {"path":"G:\\WebVSCode\\E-CommerceWebsite\\Models\\Cart.js","statementMap":{"0":{"start":{"line":1,"column":0},"end":{"line":16,"column":1}},"1":{"start":{"line":2,"column":15},"end":{"line":14,"column":6}},"2":{"start":{"line":15,"column":4},"end":{"line":15,"column":16}}},"fnMap":{"0":{"name":"(anonymous_0)","decl":{"start":{"line":1,"column":17},"end":{"line":1,"column":18}},"loc":{"start":{"line":1,"column":50},"end":{"line":16,"column":1}},"line":1}},"branchMap":{},"s":{"0":3,"1":3,"2":3},"f":{"0":3},"b":{},"_coverageSchema":"1a1c01bbd47fc00a2c39e90264f33305004495a9","hash":"4a7b73f912933be9f49d213006405678ef899755"}
,"G:\\WebVSCode\\E-CommerceWebsite\\Models\\Category.js": {"path":"G:\\WebVSCode\\E-CommerceWebsite\\Models\\Category.js","statementMap":{"0":{"start":{"line":1,"column":0},"end":{"line":18,"column":1}},"1":{"start":{"line":2,"column":24},"end":{"line":16,"column":6}},"2":{"start":{"line":17,"column":4},"end":{"line":17,"column":25}}},"fnMap":{"0":{"name":"(anonymous_0)","decl":{"start":{"line":1,"column":17},"end":{"line":1,"column":18}},"loc":{"start":{"line":1,"column":48},"end":{"line":18,"column":1}},"line":1}},"branchMap":{},"s":{"0":3,"1":3,"2":3},"f":{"0":3},"b":{},"_coverageSchema":"1a1c01bbd47fc00a2c39e90264f33305004495a9","hash":"b66ad3fa61aae9705cc7c0e22313158b58438d01"}
,"G:\\WebVSCode\\E-CommerceWebsite\\Models\\Product.js": {"path":"G:\\WebVSCode\\E-CommerceWebsite\\Models\\Product.js","statementMap":{"0":{"start":{"line":1,"column":0},"end":{"line":21,"column":1}},"1":{"start":{"line":2,"column":19},"end":{"line":19,"column":6}},"2":{"start":{"line":20,"column":4},"end":{"line":20,"column":20}}},"fnMap":{"0":{"name":"(anonymous_0)","decl":{"start":{"line":1,"column":17},"end":{"line":1,"column":18}},"loc":{"start":{"line":1,"column":51},"end":{"line":21,"column":1}},"line":1}},"branchMap":{},"s":{"0":3,"1":3,"2":3},"f":{"0":3},"b":{},"_coverageSchema":"1a1c01bbd47fc00a2c39e90264f33305004495a9","hash":"e53492d3a050fed6dabfa793297979da00742378"}
,"G:\\WebVSCode\\E-CommerceWebsite\\Models\\Roles.js": {"path":"G:\\WebVSCode\\E-CommerceWebsite\\Models\\Roles.js","statementMap":{"0":{"start":{"line":1,"column":0},"end":{"line":13,"column":1}},"1":{"start":{"line":3,"column":17},"end":{"line":11,"column":6}},"2":{"start":{"line":12,"column":4},"end":{"line":12,"column":16}}},"fnMap":{"0":{"name":"(anonymous_0)","decl":{"start":{"line":1,"column":17},"end":{"line":1,"column":18}},"loc":{"start":{"line":1,"column":50},"end":{"line":13,"column":1}},"line":1}},"branchMap":{},"s":{"0":3,"1":3,"2":3},"f":{"0":3},"b":{},"_coverageSchema":"1a1c01bbd47fc00a2c39e90264f33305004495a9","hash":"5e7bbddd5885de4e9569ed9e5850e3093582a42d"}
,"G:\\WebVSCode\\E-CommerceWebsite\\Models\\User.js": {"path":"G:\\WebVSCode\\E-CommerceWebsite\\Models\\User.js","statementMap":{"0":{"start":{"line":1,"column":0},"end":{"line":19,"column":1}},"1":{"start":{"line":3,"column":15},"end":{"line":17,"column":5}},"2":{"start":{"line":18,"column":4},"end":{"line":18,"column":16}}},"fnMap":{"0":{"name":"(anonymous_0)","decl":{"start":{"line":1,"column":17},"end":{"line":1,"column":18}},"loc":{"start":{"line":1,"column":49},"end":{"line":19,"column":1}},"line":1}},"branchMap":{},"s":{"0":3,"1":3,"2":3},"f":{"0":3},"b":{},"_coverageSchema":"1a1c01bbd47fc00a2c39e90264f33305004495a9","hash":"85bc652e087eb0961fede95fc6e7e3d4e64eb206"}
,"G:\\WebVSCode\\E-CommerceWebsite\\Models\\index.js": {"path":"G:\\WebVSCode\\E-CommerceWebsite\\Models\\index.js","statementMap":{"0":{"start":{"line":1,"column":18},"end":{"line":1,"column":38}},"1":{"start":{"line":2,"column":12},"end":{"line":2,"column":49}},"2":{"start":{"line":3,"column":15},"end":{"line":3,"column":52}},"3":{"start":{"line":4,"column":26},"end":{"line":13,"column":1}},"4":{"start":{"line":14,"column":9},"end":{"line":14,"column":11}},"5":{"start":{"line":15,"column":0},"end":{"line":15,"column":25}},"6":{"start":{"line":16,"column":0},"end":{"line":16,"column":41}},"7":{"start":{"line":17,"column":0},"end":{"line":17,"column":60}},"8":{"start":{"line":18,"column":0},"end":{"line":18,"column":59}},"9":{"start":{"line":19,"column":0},"end":{"line":19,"column":64}},"10":{"start":{"line":20,"column":0},"end":{"line":20,"column":58}},"11":{"start":{"line":21,"column":0},"end":{"line":21,"column":68}},"12":{"start":{"line":23,"column":0},"end":{"line":27,"column":3}},"13":{"start":{"line":29,"column":0},"end":{"line":33,"column":3}},"14":{"start":{"line":35,"column":0},"end":{"line":39,"column":3}},"15":{"start":{"line":41,"column":0},"end":{"line":45,"column":3}},"16":{"start":{"line":47,"column":0},"end":{"line":47,"column":30}},"17":{"start":{"line":48,"column":0},"end":{"line":48,"column":20}}},"fnMap":{},"branchMap":{"0":{"loc":{"start":{"line":2,"column":12},"end":{"line":2,"column":49}},"type":"binary-expr","locations":[{"start":{"line":2,"column":12},"end":{"line":2,"column":32}},{"start":{"line":2,"column":36},"end":{"line":2,"column":49}}],"line":2}},"s":{"0":3,"1":3,"2":3,"3":3,"4":3,"5":3,"6":3,"7":3,"8":3,"9":3,"10":3,"11":3,"12":3,"13":3,"14":3,"15":3,"16":3,"17":3},"f":{},"b":{"0":[3,0]},"_coverageSchema":"1a1c01bbd47fc00a2c39e90264f33305004495a9","hash":"527c79394cbce6ad0113f6940c3f952a17a66d9f"}
,"G:\\WebVSCode\\E-CommerceWebsite\\config\\auth.config.js": {"path":"G:\\WebVSCode\\E-CommerceWebsite\\config\\auth.config.js","statementMap":{"0":{"start":{"line":1,"column":16},"end":{"line":3,"column":1}},"1":{"start":{"line":5,"column":0},"end":{"line":5,"column":27}}},"fnMap":{},"branchMap":{},"s":{"0":1,"1":1},"f":{},"b":{},"_coverageSchema":"1a1c01bbd47fc00a2c39e90264f33305004495a9","hash":"6c9c2462c69147ee2020aabc383709d16780e2cf"}
,"G:\\WebVSCode\\E-CommerceWebsite\\config\\db.config.js": {"path":"G:\\WebVSCode\\E-CommerceWebsite\\config\\db.config.js","statementMap":{"0":{"start":{"line":1,"column":28},"end":{"line":13,"column":1}},"1":{"start":{"line":14,"column":21},"end":{"line":26,"column":1}},"2":{"start":{"line":28,"column":0},"end":{"line":31,"column":1}}},"fnMap":{},"branchMap":{},"s":{"0":3,"1":3,"2":3},"f":{},"b":{},"_coverageSchema":"1a1c01bbd47fc00a2c39e90264f33305004495a9","hash":"b441b0e8a4978d3dc43a7d87b75dd614ef227a7b"}
,"G:\\WebVSCode\\E-CommerceWebsite\\controller\\auth.controller.js": {"path":"G:\\WebVSCode\\E-CommerceWebsite\\controller\\auth.controller.js","statementMap":{"0":{"start":{"line":1,"column":9},"end":{"line":1,"column":37}},"1":{"start":{"line":2,"column":13},"end":{"line":2,"column":47}},"2":{"start":{"line":3,"column":10},"end":{"line":3,"column":33}},"3":{"start":{"line":4,"column":13},"end":{"line":4,"column":32}},"4":{"start":{"line":6,"column":13},"end":{"line":26,"column":1}},"5":{"start":{"line":7,"column":15},"end":{"line":11,"column":6}},"6":{"start":{"line":13,"column":4},"end":{"line":25,"column":5}},"7":{"start":{"line":14,"column":20},"end":{"line":20,"column":10}},"8":{"start":{"line":21,"column":8},"end":{"line":21,"column":35}},"9":{"start":{"line":22,"column":8},"end":{"line":24,"column":11}},"10":{"start":{"line":28,"column":13},"end":{"line":69,"column":1}},"11":{"start":{"line":29,"column":19},"end":{"line":29,"column":36}},"12":{"start":{"line":30,"column":19},"end":{"line":30,"column":36}},"13":{"start":{"line":31,"column":19},"end":{"line":35,"column":6}},"14":{"start":{"line":36,"column":4},"end":{"line":41,"column":5}},"15":{"start":{"line":37,"column":8},"end":{"line":39,"column":11}},"16":{"start":{"line":40,"column":8},"end":{"line":40,"column":15}},"17":{"start":{"line":42,"column":26},"end":{"line":45,"column":5}},"18":{"start":{"line":46,"column":4},"end":{"line":51,"column":5}},"19":{"start":{"line":47,"column":8},"end":{"line":49,"column":11}},"20":{"start":{"line":50,"column":8},"end":{"line":50,"column":15}},"21":{"start":{"line":52,"column":16},"end":{"line":54,"column":6}},"22":{"start":{"line":56,"column":22},"end":{"line":56,"column":24}},"23":{"start":{"line":57,"column":16},"end":{"line":57,"column":41}},"24":{"start":{"line":58,"column":4},"end":{"line":60,"column":5}},"25":{"start":{"line":58,"column":16},"end":{"line":58,"column":17}},"26":{"start":{"line":59,"column":8},"end":{"line":59,"column":64}},"27":{"start":{"line":62,"column":4},"end":{"line":68,"column":7}},"28":{"start":{"line":71,"column":0},"end":{"line":74,"column":1}}},"fnMap":{"0":{"name":"(anonymous_0)","decl":{"start":{"line":6,"column":13},"end":{"line":6,"column":14}},"loc":{"start":{"line":6,"column":32},"end":{"line":26,"column":1}},"line":6},"1":{"name":"(anonymous_1)","decl":{"start":{"line":28,"column":13},"end":{"line":28,"column":14}},"loc":{"start":{"line":28,"column":30},"end":{"line":69,"column":1}},"line":28}},"branchMap":{"0":{"loc":{"start":{"line":13,"column":4},"end":{"line":25,"column":5}},"type":"if","locations":[{"start":{"line":13,"column":4},"end":{"line":25,"column":5}},{"start":{},"end":{}}],"line":13},"1":{"loc":{"start":{"line":36,"column":4},"end":{"line":41,"column":5}},"type":"if","locations":[{"start":{"line":36,"column":4},"end":{"line":41,"column":5}},{"start":{},"end":{}}],"line":36},"2":{"loc":{"start":{"line":46,"column":4},"end":{"line":51,"column":5}},"type":"if","locations":[{"start":{"line":46,"column":4},"end":{"line":51,"column":5}},{"start":{},"end":{}}],"line":46}},"s":{"0":1,"1":1,"2":1,"3":1,"4":1,"5":0,"6":0,"7":0,"8":0,"9":0,"10":1,"11":0,"12":0,"13":0,"14":0,"15":0,"16":0,"17":0,"18":0,"19":0,"20":0,"21":0,"22":0,"23":0,"24":0,"25":0,"26":0,"27":0,"28":1},"f":{"0":0,"1":0},"b":{"0":[0,0],"1":[0,0],"2":[0,0]},"_coverageSchema":"1a1c01bbd47fc00a2c39e90264f33305004495a9","hash":"f7a7ac76af00d6c5a23de25e4627e9ded0f70246"}
,"G:\\WebVSCode\\E-CommerceWebsite\\controller\\cart.controller.js": {"path":"G:\\WebVSCode\\E-CommerceWebsite\\controller\\cart.controller.js","statementMap":{"0":{"start":{"line":1,"column":9},"end":{"line":1,"column":37}},"1":{"start":{"line":4,"column":17},"end":{"line":18,"column":1}},"2":{"start":{"line":5,"column":17},"end":{"line":7,"column":5}},"3":{"start":{"line":8,"column":4},"end":{"line":17,"column":5}},"4":{"start":{"line":9,"column":8},"end":{"line":9,"column":35}},"5":{"start":{"line":10,"column":8},"end":{"line":12,"column":11}},"6":{"start":{"line":14,"column":8},"end":{"line":16,"column":11}},"7":{"start":{"line":19,"column":17},"end":{"line":57,"column":1}},"8":{"start":{"line":21,"column":19},"end":{"line":21,"column":36}},"9":{"start":{"line":22,"column":23},"end":{"line":22,"column":53}},"10":{"start":{"line":23,"column":4},"end":{"line":55,"column":5}},"11":{"start":{"line":24,"column":28},"end":{"line":28,"column":10}},"12":{"start":{"line":30,"column":8},"end":{"line":49,"column":9}},"13":{"start":{"line":31,"column":12},"end":{"line":31,"column":58}},"14":{"start":{"line":32,"column":12},"end":{"line":32,"column":44}},"15":{"start":{"line":33,"column":28},"end":{"line":33,"column":29}},"16":{"start":{"line":34,"column":35},"end":{"line":34,"column":37}},"17":{"start":{"line":35,"column":27},"end":{"line":35,"column":59}},"18":{"start":{"line":36,"column":12},"end":{"line":43,"column":13}},"19":{"start":{"line":36,"column":25},"end":{"line":36,"column":26}},"20":{"start":{"line":37,"column":16},"end":{"line":37,"column":58}},"21":{"start":{"line":38,"column":16},"end":{"line":42,"column":19}},"22":{"start":{"line":44,"column":12},"end":{"line":48,"column":15}},"23":{"start":{"line":51,"column":8},"end":{"line":53,"column":10}},"24":{"start":{"line":54,"column":8},"end":{"line":54,"column":15}},"25":{"start":{"line":58,"column":14},"end":{"line":76,"column":1}},"26":{"start":{"line":59,"column":15},"end":{"line":59,"column":56}},"27":{"start":{"line":60,"column":20},"end":{"line":60,"column":21}},"28":{"start":{"line":61,"column":27},"end":{"line":61,"column":29}},"29":{"start":{"line":62,"column":19},"end":{"line":62,"column":43}},"30":{"start":{"line":63,"column":4},"end":{"line":70,"column":5}},"31":{"start":{"line":63,"column":17},"end":{"line":63,"column":18}},"32":{"start":{"line":64,"column":8},"end":{"line":64,"column":49}},"33":{"start":{"line":65,"column":8},"end":{"line":69,"column":11}},"34":{"start":{"line":71,"column":4},"end":{"line":75,"column":7}},"35":{"start":{"line":78,"column":0},"end":{"line":82,"column":1}}},"fnMap":{"0":{"name":"(anonymous_0)","decl":{"start":{"line":4,"column":17},"end":{"line":4,"column":18}},"loc":{"start":{"line":4,"column":43},"end":{"line":18,"column":1}},"line":4},"1":{"name":"(anonymous_1)","decl":{"start":{"line":19,"column":17},"end":{"line":19,"column":18}},"loc":{"start":{"line":19,"column":43},"end":{"line":57,"column":1}},"line":19},"2":{"name":"(anonymous_2)","decl":{"start":{"line":58,"column":14},"end":{"line":58,"column":15}},"loc":{"start":{"line":58,"column":40},"end":{"line":76,"column":1}},"line":58}},"branchMap":{"0":{"loc":{"start":{"line":23,"column":4},"end":{"line":55,"column":5}},"type":"if","locations":[{"start":{"line":23,"column":4},"end":{"line":55,"column":5}},{"start":{"line":50,"column":10},"end":{"line":55,"column":5}}],"line":23},"1":{"loc":{"start":{"line":30,"column":8},"end":{"line":49,"column":9}},"type":"if","locations":[{"start":{"line":30,"column":8},"end":{"line":49,"column":9}},{"start":{},"end":{}}],"line":30}},"s":{"0":1,"1":1,"2":0,"3":0,"4":0,"5":0,"6":0,"7":1,"8":0,"9":0,"10":0,"11":0,"12":0,"13":0,"14":0,"15":0,"16":0,"17":0,"18":0,"19":0,"20":0,"21":0,"22":0,"23":0,"24":0,"25":1,"26":0,"27":0,"28":0,"29":0,"30":0,"31":0,"32":0,"33":0,"34":0,"35":1},"f":{"0":0,"1":0,"2":0},"b":{"0":[0,0],"1":[0,0]},"_coverageSchema":"1a1c01bbd47fc00a2c39e90264f33305004495a9","hash":"37f7898468a3cf7c03582021b65e9c60a53a1051"}
,"G:\\WebVSCode\\E-CommerceWebsite\\controller\\category.controller.js": {"path":"G:\\WebVSCode\\E-CommerceWebsite\\controller\\category.controller.js","statementMap":{"0":{"start":{"line":1,"column":9},"end":{"line":1,"column":37}},"1":{"start":{"line":5,"column":23},"end":{"line":14,"column":1}},"2":{"start":{"line":6,"column":4},"end":{"line":13,"column":5}},"3":{"start":{"line":7,"column":25},"end":{"line":7,"column":54}},"4":{"start":{"line":8,"column":8},"end":{"line":8,"column":41}},"5":{"start":{"line":10,"column":8},"end":{"line":12,"column":11}},"6":{"start":{"line":16,"column":22},"end":{"line":25,"column":1}},"7":{"start":{"line":17,"column":13},"end":{"line":17,"column":34}},"8":{"start":{"line":18,"column":21},"end":{"line":22,"column":6}},"9":{"start":{"line":23,"column":4},"end":{"line":23,"column":37}},"10":{"start":{"line":24,"column":4},"end":{"line":24,"column":14}},"11":{"start":{"line":27,"column":21},"end":{"line":34,"column":1}},"12":{"start":{"line":28,"column":24},"end":{"line":28,"column":37}},"13":{"start":{"line":29,"column":4},"end":{"line":31,"column":6}},"14":{"start":{"line":32,"column":4},"end":{"line":32,"column":60}},"15":{"start":{"line":33,"column":4},"end":{"line":33,"column":14}},"16":{"start":{"line":36,"column":22},"end":{"line":45,"column":1}},"17":{"start":{"line":37,"column":13},"end":{"line":37,"column":34}},"18":{"start":{"line":38,"column":4},"end":{"line":42,"column":6}},"19":{"start":{"line":43,"column":4},"end":{"line":43,"column":58}},"20":{"start":{"line":44,"column":4},"end":{"line":44,"column":14}},"21":{"start":{"line":47,"column":23},"end":{"line":61,"column":1}},"22":{"start":{"line":49,"column":21},"end":{"line":49,"column":42}},"23":{"start":{"line":50,"column":27},"end":{"line":52,"column":5}},"24":{"start":{"line":53,"column":4},"end":{"line":57,"column":7}},"25":{"start":{"line":58,"column":26},"end":{"line":58,"column":66}},"26":{"start":{"line":59,"column":4},"end":{"line":59,"column":42}},"27":{"start":{"line":60,"column":4},"end":{"line":60,"column":14}},"28":{"start":{"line":64,"column":0},"end":{"line":70,"column":1}}},"fnMap":{"0":{"name":"(anonymous_0)","decl":{"start":{"line":5,"column":23},"end":{"line":5,"column":24}},"loc":{"start":{"line":5,"column":43},"end":{"line":14,"column":1}},"line":5},"1":{"name":"(anonymous_1)","decl":{"start":{"line":16,"column":22},"end":{"line":16,"column":23}},"loc":{"start":{"line":16,"column":48},"end":{"line":25,"column":1}},"line":16},"2":{"name":"(anonymous_2)","decl":{"start":{"line":27,"column":21},"end":{"line":27,"column":22}},"loc":{"start":{"line":27,"column":47},"end":{"line":34,"column":1}},"line":27},"3":{"name":"(anonymous_3)","decl":{"start":{"line":36,"column":22},"end":{"line":36,"column":23}},"loc":{"start":{"line":36,"column":48},"end":{"line":45,"column":1}},"line":36},"4":{"name":"(anonymous_4)","decl":{"start":{"line":47,"column":23},"end":{"line":47,"column":24}},"loc":{"start":{"line":47,"column":49},"end":{"line":61,"column":1}},"line":47}},"branchMap":{},"s":{"0":2,"1":2,"2":2,"3":2,"4":1,"5":1,"6":2,"7":1,"8":1,"9":1,"10":1,"11":2,"12":0,"13":0,"14":0,"15":0,"16":2,"17":0,"18":0,"19":0,"20":0,"21":2,"22":0,"23":0,"24":0,"25":0,"26":0,"27":0,"28":2},"f":{"0":2,"1":1,"2":0,"3":0,"4":0},"b":{},"_coverageSchema":"1a1c01bbd47fc00a2c39e90264f33305004495a9","hash":"1164250856da2732007bd920527149ae4c59c8b4"}
,"G:\\WebVSCode\\E-CommerceWebsite\\controller\\product.controller.js": {"path":"G:\\WebVSCode\\E-CommerceWebsite\\controller\\product.controller.js","statementMap":{"0":{"start":{"line":1,"column":9},"end":{"line":1,"column":37}},"1":{"start":{"line":2,"column":17},"end":{"line":2,"column":39}},"2":{"start":{"line":3,"column":14},"end":{"line":3,"column":32}},"3":{"start":{"line":4,"column":17},"end":{"line":4,"column":26}},"4":{"start":{"line":5,"column":0},"end":{"line":5,"column":34}},"5":{"start":{"line":8,"column":21},"end":{"line":35,"column":1}},"6":{"start":{"line":9,"column":21},"end":{"line":9,"column":41}},"7":{"start":{"line":10,"column":19},"end":{"line":10,"column":37}},"8":{"start":{"line":11,"column":19},"end":{"line":11,"column":37}},"9":{"start":{"line":12,"column":19},"end":{"line":12,"column":21}},"10":{"start":{"line":14,"column":4},"end":{"line":32,"column":5}},"11":{"start":{"line":15,"column":8},"end":{"line":15,"column":46}},"12":{"start":{"line":17,"column":8},"end":{"line":31,"column":9}},"13":{"start":{"line":18,"column":12},"end":{"line":18,"column":58}},"14":{"start":{"line":19,"column":15},"end":{"line":31,"column":9}},"15":{"start":{"line":20,"column":12},"end":{"line":20,"column":68}},"16":{"start":{"line":22,"column":12},"end":{"line":30,"column":15}},"17":{"start":{"line":33,"column":4},"end":{"line":33,"column":35}},"18":{"start":{"line":34,"column":4},"end":{"line":34,"column":14}},"19":{"start":{"line":37,"column":23},"end":{"line":44,"column":1}},"20":{"start":{"line":38,"column":27},"end":{"line":42,"column":6}},"21":{"start":{"line":43,"column":4},"end":{"line":43,"column":28}},"22":{"start":{"line":45,"column":25},"end":{"line":55,"column":1}},"23":{"start":{"line":46,"column":25},"end":{"line":53,"column":6}},"24":{"start":{"line":54,"column":4},"end":{"line":54,"column":26}},"25":{"start":{"line":58,"column":21},"end":{"line":74,"column":1}},"26":{"start":{"line":60,"column":13},"end":{"line":60,"column":34}},"27":{"start":{"line":61,"column":4},"end":{"line":63,"column":5}},"28":{"start":{"line":62,"column":8},"end":{"line":62,"column":46}},"29":{"start":{"line":64,"column":19},"end":{"line":68,"column":6}},"30":{"start":{"line":69,"column":4},"end":{"line":71,"column":7}},"31":{"start":{"line":72,"column":4},"end":{"line":72,"column":40}},"32":{"start":{"line":73,"column":4},"end":{"line":73,"column":14}},"33":{"start":{"line":76,"column":20},"end":{"line":89,"column":1}},"34":{"start":{"line":77,"column":23},"end":{"line":77,"column":31}},"35":{"start":{"line":78,"column":4},"end":{"line":88,"column":5}},"36":{"start":{"line":79,"column":8},"end":{"line":79,"column":46}},"37":{"start":{"line":80,"column":8},"end":{"line":80,"column":43}},"38":{"start":{"line":81,"column":8},"end":{"line":81,"column":18}},"39":{"start":{"line":84,"column":8},"end":{"line":86,"column":11}},"40":{"start":{"line":87,"column":8},"end":{"line":87,"column":15}},"41":{"start":{"line":91,"column":21},"end":{"line":100,"column":1}},"42":{"start":{"line":92,"column":13},"end":{"line":92,"column":34}},"43":{"start":{"line":93,"column":4},"end":{"line":97,"column":6}},"44":{"start":{"line":98,"column":4},"end":{"line":98,"column":55}},"45":{"start":{"line":99,"column":4},"end":{"line":99,"column":14}},"46":{"start":{"line":102,"column":22},"end":{"line":124,"column":1}},"47":{"start":{"line":104,"column":4},"end":{"line":107,"column":5}},"48":{"start":{"line":105,"column":8},"end":{"line":105,"column":52}},"49":{"start":{"line":106,"column":8},"end":{"line":106,"column":18}},"50":{"start":{"line":109,"column":21},"end":{"line":109,"column":42}},"51":{"start":{"line":110,"column":26},"end":{"line":114,"column":5}},"52":{"start":{"line":115,"column":4},"end":{"line":119,"column":7}},"53":{"start":{"line":120,"column":25},"end":{"line":120,"column":62}},"54":{"start":{"line":121,"column":4},"end":{"line":121,"column":41}},"55":{"start":{"line":122,"column":4},"end":{"line":122,"column":14}},"56":{"start":{"line":127,"column":0},"end":{"line":133,"column":1}}},"fnMap":{"0":{"name":"(anonymous_0)","decl":{"start":{"line":8,"column":21},"end":{"line":8,"column":22}},"loc":{"start":{"line":8,"column":41},"end":{"line":35,"column":1}},"line":8},"1":{"name":"(anonymous_1)","decl":{"start":{"line":37,"column":23},"end":{"line":37,"column":24}},"loc":{"start":{"line":37,"column":45},"end":{"line":44,"column":1}},"line":37},"2":{"name":"(anonymous_2)","decl":{"start":{"line":45,"column":25},"end":{"line":45,"column":26}},"loc":{"start":{"line":45,"column":45},"end":{"line":55,"column":1}},"line":45},"3":{"name":"(anonymous_3)","decl":{"start":{"line":58,"column":21},"end":{"line":58,"column":22}},"loc":{"start":{"line":58,"column":41},"end":{"line":74,"column":1}},"line":58},"4":{"name":"(anonymous_4)","decl":{"start":{"line":76,"column":20},"end":{"line":76,"column":21}},"loc":{"start":{"line":76,"column":46},"end":{"line":89,"column":1}},"line":76},"5":{"name":"(anonymous_5)","decl":{"start":{"line":91,"column":21},"end":{"line":91,"column":22}},"loc":{"start":{"line":91,"column":47},"end":{"line":100,"column":1}},"line":91},"6":{"name":"(anonymous_6)","decl":{"start":{"line":102,"column":22},"end":{"line":102,"column":23}},"loc":{"start":{"line":102,"column":48},"end":{"line":124,"column":1}},"line":102}},"branchMap":{"0":{"loc":{"start":{"line":14,"column":4},"end":{"line":32,"column":5}},"type":"if","locations":[{"start":{"line":14,"column":4},"end":{"line":32,"column":5}},{"start":{"line":16,"column":11},"end":{"line":32,"column":5}}],"line":14},"1":{"loc":{"start":{"line":17,"column":8},"end":{"line":31,"column":9}},"type":"if","locations":[{"start":{"line":17,"column":8},"end":{"line":31,"column":9}},{"start":{"line":19,"column":15},"end":{"line":31,"column":9}}],"line":17},"2":{"loc":{"start":{"line":17,"column":12},"end":{"line":17,"column":49}},"type":"binary-expr","locations":[{"start":{"line":17,"column":12},"end":{"line":17,"column":22}},{"start":{"line":17,"column":26},"end":{"line":17,"column":49}}],"line":17},"3":{"loc":{"start":{"line":17,"column":28},"end":{"line":17,"column":48}},"type":"binary-expr","locations":[{"start":{"line":17,"column":28},"end":{"line":17,"column":36}},{"start":{"line":17,"column":40},"end":{"line":17,"column":48}}],"line":17},"4":{"loc":{"start":{"line":19,"column":15},"end":{"line":31,"column":9}},"type":"if","locations":[{"start":{"line":19,"column":15},"end":{"line":31,"column":9}},{"start":{"line":21,"column":15},"end":{"line":31,"column":9}}],"line":19},"5":{"loc":{"start":{"line":19,"column":19},"end":{"line":19,"column":54}},"type":"binary-expr","locations":[{"start":{"line":19,"column":19},"end":{"line":19,"column":30}},{"start":{"line":19,"column":34},"end":{"line":19,"column":42}},{"start":{"line":19,"column":46},"end":{"line":19,"column":54}}],"line":19},"6":{"loc":{"start":{"line":61,"column":4},"end":{"line":63,"column":5}},"type":"if","locations":[{"start":{"line":61,"column":4},"end":{"line":63,"column":5}},{"start":{},"end":{}}],"line":61},"7":{"loc":{"start":{"line":104,"column":4},"end":{"line":107,"column":5}},"type":"if","locations":[{"start":{"line":104,"column":4},"end":{"line":107,"column":5}},{"start":{},"end":{}}],"line":104}},"s":{"0":2,"1":2,"2":2,"3":2,"4":2,"5":2,"6":1,"7":1,"8":1,"9":1,"10":1,"11":1,"12":0,"13":0,"14":0,"15":0,"16":0,"17":0,"18":0,"19":2,"20":0,"21":0,"22":2,"23":0,"24":0,"25":2,"26":0,"27":0,"28":0,"29":0,"30":0,"31":0,"32":0,"33":2,"34":1,"35":1,"36":1,"37":1,"38":1,"39":0,"40":0,"41":2,"42":0,"43":0,"44":0,"45":0,"46":2,"47":0,"48":0,"49":0,"50":0,"51":0,"52":0,"53":0,"54":0,"55":0,"56":2},"f":{"0":1,"1":0,"2":0,"3":0,"4":1,"5":0,"6":0},"b":{"0":[1,0],"1":[0,0],"2":[0,0],"3":[0,0],"4":[0,0],"5":[0,0,0],"6":[0,0],"7":[0,0]},"_coverageSchema":"1a1c01bbd47fc00a2c39e90264f33305004495a9","hash":"13964406b42e06a69d17f841f04a074825086fee"}
,"G:\\WebVSCode\\E-CommerceWebsite\\middlewares\\ErrorHandler.js": {"path":"G:\\WebVSCode\\E-CommerceWebsite\\middlewares\\ErrorHandler.js","statementMap":{"0":{"start":{"line":1,"column":21},"end":{"line":12,"column":1}},"1":{"start":{"line":3,"column":4},"end":{"line":3,"column":45}},"2":{"start":{"line":4,"column":22},"end":{"line":4,"column":43}},"3":{"start":{"line":5,"column":19},"end":{"line":5,"column":56}},"4":{"start":{"line":6,"column":4},"end":{"line":10,"column":7}},"5":{"start":{"line":13,"column":0},"end":{"line":13,"column":30}}},"fnMap":{"0":{"name":"(anonymous_0)","decl":{"start":{"line":1,"column":21},"end":{"line":1,"column":22}},"loc":{"start":{"line":1,"column":42},"end":{"line":12,"column":1}},"line":1}},"branchMap":{"0":{"loc":{"start":{"line":4,"column":22},"end":{"line":4,"column":43}},"type":"binary-expr","locations":[{"start":{"line":4,"column":22},"end":{"line":4,"column":36}},{"start":{"line":4,"column":40},"end":{"line":4,"column":43}}],"line":4},"1":{"loc":{"start":{"line":5,"column":19},"end":{"line":5,"column":56}},"type":"binary-expr","locations":[{"start":{"line":5,"column":19},"end":{"line":5,"column":30}},{"start":{"line":5,"column":34},"end":{"line":5,"column":56}}],"line":5}},"s":{"0":1,"1":0,"2":0,"3":0,"4":0,"5":1},"f":{"0":0},"b":{"0":[0,0],"1":[0,0]},"_coverageSchema":"1a1c01bbd47fc00a2c39e90264f33305004495a9","hash":"39de4547a0710199c894a9182ff53954d331f70d"}
,"G:\\WebVSCode\\E-CommerceWebsite\\middlewares\\RequestValidator.js": {"path":"G:\\WebVSCode\\E-CommerceWebsite\\middlewares\\RequestValidator.js","statementMap":{"0":{"start":{"line":1,"column":17},"end":{"line":1,"column":48}},"1":{"start":{"line":2,"column":15},"end":{"line":2,"column":45}},"2":{"start":{"line":4,"column":35},"end":{"line":12,"column":1}},"3":{"start":{"line":5,"column":4},"end":{"line":10,"column":5}},"4":{"start":{"line":6,"column":8},"end":{"line":8,"column":11}},"5":{"start":{"line":9,"column":8},"end":{"line":9,"column":15}},"6":{"start":{"line":11,"column":4},"end":{"line":11,"column":11}},"7":{"start":{"line":14,"column":34},"end":{"line":22,"column":1}},"8":{"start":{"line":15,"column":4},"end":{"line":20,"column":5}},"9":{"start":{"line":16,"column":8},"end":{"line":18,"column":11}},"10":{"start":{"line":19,"column":8},"end":{"line":19,"column":15}},"11":{"start":{"line":21,"column":4},"end":{"line":21,"column":11}},"12":{"start":{"line":24,"column":33},"end":{"line":38,"column":1}},"13":{"start":{"line":25,"column":21},"end":{"line":25,"column":42}},"14":{"start":{"line":26,"column":4},"end":{"line":36,"column":5}},"15":{"start":{"line":27,"column":23},"end":{"line":27,"column":60}},"16":{"start":{"line":28,"column":8},"end":{"line":31,"column":9}},"17":{"start":{"line":29,"column":12},"end":{"line":29,"column":62}},"18":{"start":{"line":30,"column":12},"end":{"line":30,"column":19}},"19":{"start":{"line":32,"column":8},"end":{"line":32,"column":15}},"20":{"start":{"line":34,"column":8},"end":{"line":34,"column":72}},"21":{"start":{"line":35,"column":8},"end":{"line":35,"column":16}},"22":{"start":{"line":39,"column":32},"end":{"line":53,"column":1}},"23":{"start":{"line":40,"column":20},"end":{"line":40,"column":41}},"24":{"start":{"line":41,"column":4},"end":{"line":51,"column":5}},"25":{"start":{"line":42,"column":22},"end":{"line":42,"column":56}},"26":{"start":{"line":43,"column":8},"end":{"line":46,"column":9}},"27":{"start":{"line":44,"column":12},"end":{"line":44,"column":61}},"28":{"start":{"line":45,"column":12},"end":{"line":45,"column":19}},"29":{"start":{"line":47,"column":8},"end":{"line":47,"column":15}},"30":{"start":{"line":49,"column":8},"end":{"line":49,"column":72}},"31":{"start":{"line":50,"column":8},"end":{"line":50,"column":16}},"32":{"start":{"line":55,"column":0},"end":{"line":60,"column":2}}},"fnMap":{"0":{"name":"(anonymous_0)","decl":{"start":{"line":4,"column":35},"end":{"line":4,"column":36}},"loc":{"start":{"line":4,"column":52},"end":{"line":12,"column":1}},"line":4},"1":{"name":"(anonymous_1)","decl":{"start":{"line":14,"column":34},"end":{"line":14,"column":35}},"loc":{"start":{"line":14,"column":51},"end":{"line":22,"column":1}},"line":14},"2":{"name":"(anonymous_2)","decl":{"start":{"line":24,"column":33},"end":{"line":24,"column":34}},"loc":{"start":{"line":24,"column":58},"end":{"line":38,"column":1}},"line":24},"3":{"name":"(anonymous_3)","decl":{"start":{"line":39,"column":32},"end":{"line":39,"column":33}},"loc":{"start":{"line":39,"column":57},"end":{"line":53,"column":1}},"line":39}},"branchMap":{"0":{"loc":{"start":{"line":5,"column":4},"end":{"line":10,"column":5}},"type":"if","locations":[{"start":{"line":5,"column":4},"end":{"line":10,"column":5}},{"start":{},"end":{}}],"line":5},"1":{"loc":{"start":{"line":15,"column":4},"end":{"line":20,"column":5}},"type":"if","locations":[{"start":{"line":15,"column":4},"end":{"line":20,"column":5}},{"start":{},"end":{}}],"line":15},"2":{"loc":{"start":{"line":15,"column":7},"end":{"line":15,"column":64}},"type":"binary-expr","locations":[{"start":{"line":15,"column":7},"end":{"line":15,"column":21}},{"start":{"line":15,"column":25},"end":{"line":15,"column":40}},{"start":{"line":15,"column":44},"end":{"line":15,"column":64}}],"line":15},"3":{"loc":{"start":{"line":26,"column":4},"end":{"line":36,"column":5}},"type":"if","locations":[{"start":{"line":26,"column":4},"end":{"line":36,"column":5}},{"start":{"line":33,"column":9},"end":{"line":36,"column":5}}],"line":26},"4":{"loc":{"start":{"line":28,"column":8},"end":{"line":31,"column":9}},"type":"if","locations":[{"start":{"line":28,"column":8},"end":{"line":31,"column":9}},{"start":{},"end":{}}],"line":28},"5":{"loc":{"start":{"line":41,"column":4},"end":{"line":51,"column":5}},"type":"if","locations":[{"start":{"line":41,"column":4},"end":{"line":51,"column":5}},{"start":{"line":48,"column":9},"end":{"line":51,"column":5}}],"line":41},"6":{"loc":{"start":{"line":43,"column":8},"end":{"line":46,"column":9}},"type":"if","locations":[{"start":{"line":43,"column":8},"end":{"line":46,"column":9}},{"start":{},"end":{}}],"line":43}},"s":{"0":1,"1":1,"2":1,"3":0,"4":0,"5":0,"6":0,"7":1,"8":1,"9":1,"10":1,"11":0,"12":1,"13":0,"14":0,"15":0,"16":0,"17":0,"18":0,"19":0,"20":0,"21":0,"22":1,"23":0,"24":0,"25":0,"26":0,"27":0,"28":0,"29":0,"30":0,"31":0,"32":1},"f":{"0":0,"1":1,"2":0,"3":0},"b":{"0":[0,0],"1":[1,0],"2":[1,1,1],"3":[0,0],"4":[0,0],"5":[0,0],"6":[0,0]},"_coverageSchema":"1a1c01bbd47fc00a2c39e90264f33305004495a9","hash":"e003e53b6d0bb26cc6e391b755e2dec24c997719"}
,"G:\\WebVSCode\\E-CommerceWebsite\\middlewares\\VerifySignup.js": {"path":"G:\\WebVSCode\\E-CommerceWebsite\\middlewares\\VerifySignup.js","statementMap":{"0":{"start":{"line":2,"column":11},"end":{"line":2,"column":39}},"1":{"start":{"line":3,"column":14},"end":{"line":3,"column":22}},"2":{"start":{"line":4,"column":13},"end":{"line":4,"column":21}},"3":{"start":{"line":5,"column":29},"end":{"line":20,"column":1}},"4":{"start":{"line":7,"column":15},"end":{"line":11,"column":6}},"5":{"start":{"line":13,"column":4},"end":{"line":18,"column":5}},"6":{"start":{"line":14,"column":8},"end":{"line":16,"column":11}},"7":{"start":{"line":17,"column":8},"end":{"line":17,"column":15}},"8":{"start":{"line":19,"column":4},"end":{"line":19,"column":11}},"9":{"start":{"line":22,"column":24},"end":{"line":35,"column":1}},"10":{"start":{"line":24,"column":4},"end":{"line":33,"column":5}},"11":{"start":{"line":25,"column":8},"end":{"line":32,"column":9}},"12":{"start":{"line":25,"column":21},"end":{"line":25,"column":22}},"13":{"start":{"line":26,"column":12},"end":{"line":31,"column":13}},"14":{"start":{"line":27,"column":16},"end":{"line":29,"column":19}},"15":{"start":{"line":30,"column":16},"end":{"line":30,"column":23}},"16":{"start":{"line":37,"column":0},"end":{"line":39,"column":2}}},"fnMap":{"0":{"name":"(anonymous_0)","decl":{"start":{"line":5,"column":29},"end":{"line":5,"column":30}},"loc":{"start":{"line":5,"column":55},"end":{"line":20,"column":1}},"line":5},"1":{"name":"(anonymous_1)","decl":{"start":{"line":22,"column":24},"end":{"line":22,"column":25}},"loc":{"start":{"line":22,"column":44},"end":{"line":35,"column":1}},"line":22}},"branchMap":{"0":{"loc":{"start":{"line":13,"column":4},"end":{"line":18,"column":5}},"type":"if","locations":[{"start":{"line":13,"column":4},"end":{"line":18,"column":5}},{"start":{},"end":{}}],"line":13},"1":{"loc":{"start":{"line":24,"column":4},"end":{"line":33,"column":5}},"type":"if","locations":[{"start":{"line":24,"column":4},"end":{"line":33,"column":5}},{"start":{},"end":{}}],"line":24},"2":{"loc":{"start":{"line":26,"column":12},"end":{"line":31,"column":13}},"type":"if","locations":[{"start":{"line":26,"column":12},"end":{"line":31,"column":13}},{"start":{},"end":{}}],"line":26}},"s":{"0":1,"1":1,"2":1,"3":1,"4":0,"5":0,"6":0,"7":0,"8":0,"9":1,"10":0,"11":0,"12":0,"13":0,"14":0,"15":0,"16":1},"f":{"0":0,"1":0},"b":{"0":[0,0],"1":[0,0],"2":[0,0]},"_coverageSchema":"1a1c01bbd47fc00a2c39e90264f33305004495a9","hash":"587924352581f813587dfa6cf447627668666c68"}
,"G:\\WebVSCode\\E-CommerceWebsite\\middlewares\\auth.jwt.js": {"path":"G:\\WebVSCode\\E-CommerceWebsite\\middlewares\\auth.jwt.js","statementMap":{"0":{"start":{"line":1,"column":12},"end":{"line":1,"column":35}},"1":{"start":{"line":2,"column":15},"end":{"line":2,"column":49}},"2":{"start":{"line":5,"column":20},"end":{"line":25,"column":1}},"3":{"start":{"line":7,"column":16},"end":{"line":7,"column":45}},"4":{"start":{"line":8,"column":4},"end":{"line":13,"column":5}},"5":{"start":{"line":9,"column":8},"end":{"line":11,"column":11}},"6":{"start":{"line":12,"column":8},"end":{"line":12,"column":16}},"7":{"start":{"line":14,"column":4},"end":{"line":23,"column":7}},"8":{"start":{"line":15,"column":8},"end":{"line":20,"column":9}},"9":{"start":{"line":16,"column":12},"end":{"line":18,"column":15}},"10":{"start":{"line":19,"column":12},"end":{"line":19,"column":19}},"11":{"start":{"line":21,"column":8},"end":{"line":21,"column":32}},"12":{"start":{"line":22,"column":8},"end":{"line":22,"column":15}},"13":{"start":{"line":27,"column":0},"end":{"line":29,"column":1}}},"fnMap":{"0":{"name":"(anonymous_0)","decl":{"start":{"line":5,"column":20},"end":{"line":5,"column":21}},"loc":{"start":{"line":5,"column":38},"end":{"line":25,"column":1}},"line":5},"1":{"name":"(anonymous_1)","decl":{"start":{"line":14,"column":37},"end":{"line":14,"column":38}},"loc":{"start":{"line":14,"column":54},"end":{"line":23,"column":5}},"line":14}},"branchMap":{"0":{"loc":{"start":{"line":8,"column":4},"end":{"line":13,"column":5}},"type":"if","locations":[{"start":{"line":8,"column":4},"end":{"line":13,"column":5}},{"start":{},"end":{}}],"line":8},"1":{"loc":{"start":{"line":15,"column":8},"end":{"line":20,"column":9}},"type":"if","locations":[{"start":{"line":15,"column":8},"end":{"line":20,"column":9}},{"start":{},"end":{}}],"line":15}},"s":{"0":1,"1":1,"2":1,"3":0,"4":0,"5":0,"6":0,"7":0,"8":0,"9":0,"10":0,"11":0,"12":0,"13":1},"f":{"0":0,"1":0},"b":{"0":[0,0],"1":[0,0]},"_coverageSchema":"1a1c01bbd47fc00a2c39e90264f33305004495a9","hash":"a6c151ae6df1b74c90bf140ab918f2db58cc625d"}
,"G:\\WebVSCode\\E-CommerceWebsite\\myapp\\square.js": {"path":"G:\\WebVSCode\\E-CommerceWebsite\\myapp\\square.js","statementMap":{"0":{"start":{"line":1,"column":13},"end":{"line":17,"column":1}},"1":{"start":{"line":3,"column":4},"end":{"line":15,"column":5}},"2":{"start":{"line":4,"column":8},"end":{"line":10,"column":9}},"3":{"start":{"line":5,"column":12},"end":{"line":5,"column":27}},"4":{"start":{"line":6,"column":14},"end":{"line":10,"column":9}},"5":{"start":{"line":7,"column":12},"end":{"line":7,"column":28}},"6":{"start":{"line":9,"column":12},"end":{"line":9,"column":21}},"7":{"start":{"line":14,"column":8},"end":{"line":14,"column":38}},"8":{"start":{"line":18,"column":0},"end":{"line":18,"column":24}}},"fnMap":{"0":{"name":"(anonymous_0)","decl":{"start":{"line":1,"column":13},"end":{"line":1,"column":14}},"loc":{"start":{"line":1,"column":26},"end":{"line":17,"column":1}},"line":1}},"branchMap":{"0":{"loc":{"start":{"line":1,"column":18},"end":{"line":1,"column":21}},"type":"default-arg","locations":[{"start":{"line":1,"column":20},"end":{"line":1,"column":21}}],"line":1},"1":{"loc":{"start":{"line":3,"column":4},"end":{"line":15,"column":5}},"type":"if","locations":[{"start":{"line":3,"column":4},"end":{"line":15,"column":5}},{"start":{"line":13,"column":9},"end":{"line":15,"column":5}}],"line":3},"2":{"loc":{"start":{"line":4,"column":8},"end":{"line":10,"column":9}},"type":"if","locations":[{"start":{"line":4,"column":8},"end":{"line":10,"column":9}},{"start":{"line":6,"column":14},"end":{"line":10,"column":9}}],"line":4},"3":{"loc":{"start":{"line":4,"column":11},"end":{"line":4,"column":29}},"type":"binary-expr","locations":[{"start":{"line":4,"column":11},"end":{"line":4,"column":18}},{"start":{"line":4,"column":22},"end":{"line":4,"column":29}}],"line":4},"4":{"loc":{"start":{"line":6,"column":14},"end":{"line":10,"column":9}},"type":"if","locations":[{"start":{"line":6,"column":14},"end":{"line":10,"column":9}},{"start":{"line":8,"column":13},"end":{"line":10,"column":9}}],"line":6}},"s":{"0":1,"1":0,"2":0,"3":0,"4":0,"5":0,"6":0,"7":0,"8":1},"f":{"0":0},"b":{"0":[0],"1":[0,0],"2":[0,0],"3":[0,0],"4":[0,0]},"_coverageSchema":"1a1c01bbd47fc00a2c39e90264f33305004495a9","hash":"06bcefad2f62f5b92cbdd78bfeb118014c9d042c"}
,"G:\\WebVSCode\\E-CommerceWebsite\\myapp\\sum.js": {"path":"G:\\WebVSCode\\E-CommerceWebsite\\myapp\\sum.js","statementMap":{"0":{"start":{"line":1,"column":10},"end":{"line":13,"column":1}},"1":{"start":{"line":2,"column":4},"end":{"line":12,"column":5}},"2":{"start":{"line":3,"column":8},"end":{"line":7,"column":9}},"3":{"start":{"line":4,"column":12},"end":{"line":4,"column":23}},"4":{"start":{"line":6,"column":12},"end":{"line":6,"column":21}},"5":{"start":{"line":8,"column":10},"end":{"line":12,"column":5}},"6":{"start":{"line":9,"column":8},"end":{"line":9,"column":38}},"7":{"start":{"line":11,"column":8},"end":{"line":11,"column":17}},"8":{"start":{"line":14,"column":0},"end":{"line":14,"column":21}}},"fnMap":{"0":{"name":"(anonymous_0)","decl":{"start":{"line":1,"column":10},"end":{"line":1,"column":11}},"loc":{"start":{"line":1,"column":19},"end":{"line":13,"column":1}},"line":1}},"branchMap":{"0":{"loc":{"start":{"line":2,"column":4},"end":{"line":12,"column":5}},"type":"if","locations":[{"start":{"line":2,"column":4},"end":{"line":12,"column":5}},{"start":{"line":8,"column":10},"end":{"line":12,"column":5}}],"line":2},"1":{"loc":{"start":{"line":2,"column":7},"end":{"line":2,"column":111}},"type":"binary-expr","locations":[{"start":{"line":2,"column":8},"end":{"line":2,"column":29}},{"start":{"line":2,"column":33},"end":{"line":2,"column":54}},{"start":{"line":2,"column":60},"end":{"line":2,"column":83}},{"start":{"line":2,"column":87},"end":{"line":2,"column":110}}],"line":2},"2":{"loc":{"start":{"line":3,"column":8},"end":{"line":7,"column":9}},"type":"if","locations":[{"start":{"line":3,"column":8},"end":{"line":7,"column":9}},{"start":{"line":5,"column":13},"end":{"line":7,"column":9}}],"line":3},"3":{"loc":{"start":{"line":3,"column":11},"end":{"line":3,"column":17}},"type":"binary-expr","locations":[{"start":{"line":3,"column":11},"end":{"line":3,"column":12}},{"start":{"line":3,"column":16},"end":{"line":3,"column":17}}],"line":3},"4":{"loc":{"start":{"line":8,"column":10},"end":{"line":12,"column":5}},"type":"if","locations":[{"start":{"line":8,"column":10},"end":{"line":12,"column":5}},{"start":{"line":10,"column":9},"end":{"line":12,"column":5}}],"line":8},"5":{"loc":{"start":{"line":8,"column":13},"end":{"line":8,"column":59}},"type":"binary-expr","locations":[{"start":{"line":8,"column":13},"end":{"line":8,"column":34}},{"start":{"line":8,"column":38},"end":{"line":8,"column":59}}],"line":8}},"s":{"0":1,"1":0,"2":0,"3":0,"4":0,"5":0,"6":0,"7":0,"8":1},"f":{"0":0},"b":{"0":[0,0],"1":[0,0,0,0],"2":[0,0],"3":[0,0],"4":[0,0],"5":[0,0]},"_coverageSchema":"1a1c01bbd47fc00a2c39e90264f33305004495a9","hash":"9af8de1df4b1c3769fa03ef9f96a7f7b2cd318f0"}
,"G:\\WebVSCode\\E-CommerceWebsite\\routes\\auth.route.js": {"path":"G:\\WebVSCode\\E-CommerceWebsite\\routes\\auth.route.js","statementMap":{"0":{"start":{"line":1,"column":17},"end":{"line":1,"column":59}},"1":{"start":{"line":2,"column":14},"end":{"line":2,"column":32}},"2":{"start":{"line":3,"column":17},"end":{"line":3,"column":26}},"3":{"start":{"line":4,"column":13},"end":{"line":4,"column":29}},"4":{"start":{"line":5,"column":16},"end":{"line":5,"column":56}},"5":{"start":{"line":7,"column":0},"end":{"line":13,"column":3}},"6":{"start":{"line":8,"column":4},"end":{"line":11,"column":6}},"7":{"start":{"line":12,"column":4},"end":{"line":12,"column":11}},"8":{"start":{"line":15,"column":0},"end":{"line":15,"column":77}},"9":{"start":{"line":16,"column":0},"end":{"line":16,"column":42}},"10":{"start":{"line":18,"column":0},"end":{"line":18,"column":24}}},"fnMap":{"0":{"name":"(anonymous_0)","decl":{"start":{"line":7,"column":15},"end":{"line":7,"column":16}},"loc":{"start":{"line":7,"column":41},"end":{"line":13,"column":1}},"line":7}},"branchMap":{},"s":{"0":1,"1":1,"2":1,"3":1,"4":1,"5":1,"6":0,"7":0,"8":1,"9":1,"10":1},"f":{"0":0},"b":{},"_coverageSchema":"1a1c01bbd47fc00a2c39e90264f33305004495a9","hash":"185c884c9e7332a1f328fae9df743188f65d3b60"}
,"G:\\WebVSCode\\E-CommerceWebsite\\routes\\cart.route.js": {"path":"G:\\WebVSCode\\E-CommerceWebsite\\routes\\cart.route.js","statementMap":{"0":{"start":{"line":1,"column":14},"end":{"line":1,"column":32}},"1":{"start":{"line":2,"column":17},"end":{"line":2,"column":26}},"2":{"start":{"line":3,"column":17},"end":{"line":3,"column":33}},"3":{"start":{"line":4,"column":21},"end":{"line":4,"column":63}},"4":{"start":{"line":5,"column":14},"end":{"line":5,"column":50}},"5":{"start":{"line":7,"column":0},"end":{"line":7,"column":70}},"6":{"start":{"line":8,"column":0},"end":{"line":8,"column":76}},"7":{"start":{"line":9,"column":0},"end":{"line":9,"column":73}},"8":{"start":{"line":12,"column":0},"end":{"line":12,"column":28}}},"fnMap":{},"branchMap":{},"s":{"0":1,"1":1,"2":1,"3":1,"4":1,"5":1,"6":1,"7":1,"8":1},"f":{},"b":{},"_coverageSchema":"1a1c01bbd47fc00a2c39e90264f33305004495a9","hash":"8e0fcc4900a12f652ce894c96955da69e535ce86"}
,"G:\\WebVSCode\\E-CommerceWebsite\\routes\\categories.route.js": {"path":"G:\\WebVSCode\\E-CommerceWebsite\\routes\\categories.route.js","statementMap":{"0":{"start":{"line":1,"column":14},"end":{"line":1,"column":32}},"1":{"start":{"line":2,"column":21},"end":{"line":2,"column":37}},"2":{"start":{"line":3,"column":25},"end":{"line":3,"column":71}},"3":{"start":{"line":4,"column":22},"end":{"line":4,"column":66}},"4":{"start":{"line":6,"column":0},"end":{"line":6,"column":61}},"5":{"start":{"line":8,"column":0},"end":{"line":8,"column":115}},"6":{"start":{"line":10,"column":0},"end":{"line":10,"column":106}},"7":{"start":{"line":12,"column":0},"end":{"line":12,"column":118}},"8":{"start":{"line":14,"column":0},"end":{"line":14,"column":118}},"9":{"start":{"line":16,"column":0},"end":{"line":16,"column":32}}},"fnMap":{},"branchMap":{},"s":{"0":1,"1":1,"2":1,"3":1,"4":1,"5":1,"6":1,"7":1,"8":1,"9":1},"f":{},"b":{},"_coverageSchema":"1a1c01bbd47fc00a2c39e90264f33305004495a9","hash":"3850c11b0e1144fb10a8cedb18e2f4d70d6df767"}
,"G:\\WebVSCode\\E-CommerceWebsite\\routes\\index.js": {"path":"G:\\WebVSCode\\E-CommerceWebsite\\routes\\index.js","statementMap":{"0":{"start":{"line":1,"column":14},"end":{"line":1,"column":32}},"1":{"start":{"line":2,"column":11},"end":{"line":2,"column":26}},"2":{"start":{"line":5,"column":20},"end":{"line":5,"column":49}},"3":{"start":{"line":6,"column":19},"end":{"line":6,"column":46}},"4":{"start":{"line":7,"column":16},"end":{"line":7,"column":39}},"5":{"start":{"line":8,"column":16},"end":{"line":8,"column":39}},"6":{"start":{"line":10,"column":12},"end":{"line":10,"column":28}},"7":{"start":{"line":12,"column":0},"end":{"line":15,"column":3}},"8":{"start":{"line":13,"column":4},"end":{"line":13,"column":37}},"9":{"start":{"line":14,"column":4},"end":{"line":14,"column":14}},"10":{"start":{"line":19,"column":0},"end":{"line":19,"column":41}},"11":{"start":{"line":20,"column":0},"end":{"line":20,"column":38}},"12":{"start":{"line":21,"column":0},"end":{"line":21,"column":31}},"13":{"start":{"line":22,"column":0},"end":{"line":22,"column":31}},"14":{"start":{"line":24,"column":0},"end":{"line":24,"column":24}}},"fnMap":{"0":{"name":"(anonymous_0)","decl":{"start":{"line":12,"column":16},"end":{"line":12,"column":17}},"loc":{"start":{"line":12,"column":29},"end":{"line":15,"column":1}},"line":12}},"branchMap":{},"s":{"0":1,"1":1,"2":1,"3":1,"4":1,"5":1,"6":1,"7":1,"8":0,"9":0,"10":1,"11":1,"12":1,"13":1,"14":1},"f":{"0":0},"b":{},"_coverageSchema":"1a1c01bbd47fc00a2c39e90264f33305004495a9","hash":"68b03ad05492803061658fb2b99568d25c078d89"}
,"G:\\WebVSCode\\E-CommerceWebsite\\routes\\products.route.js": {"path":"G:\\WebVSCode\\E-CommerceWebsite\\routes\\products.route.js","statementMap":{"0":{"start":{"line":1,"column":14},"end":{"line":1,"column":32}},"1":{"start":{"line":2,"column":20},"end":{"line":2,"column":36}},"2":{"start":{"line":3,"column":25},"end":{"line":3,"column":70}},"3":{"start":{"line":4,"column":23},"end":{"line":4,"column":67}},"4":{"start":{"line":5,"column":14},"end":{"line":5,"column":50}},"5":{"start":{"line":7,"column":0},"end":{"line":7,"column":58}},"6":{"start":{"line":8,"column":0},"end":{"line":8,"column":112}},"7":{"start":{"line":9,"column":0},"end":{"line":9,"column":103}},"8":{"start":{"line":10,"column":0},"end":{"line":10,"column":115}},"9":{"start":{"line":11,"column":0},"end":{"line":11,"column":156}},"10":{"start":{"line":13,"column":0},"end":{"line":13,"column":31}}},"fnMap":{},"branchMap":{},"s":{"0":1,"1":1,"2":1,"3":1,"4":1,"5":1,"6":1,"7":1,"8":1,"9":1,"10":1},"f":{},"b":{},"_coverageSchema":"1a1c01bbd47fc00a2c39e90264f33305004495a9","hash":"b176d781fbea99d84033cde2cb6d7dfeb79adfea"}
,"G:\\WebVSCode\\E-CommerceWebsite\\test\\unit\\interceptor.js": {"path":"G:\\WebVSCode\\E-CommerceWebsite\\test\\unit\\interceptor.js","statementMap":{"0":{"start":{"line":1,"column":0},"end":{"line":20,"column":2}},"1":{"start":{"line":4,"column":20},"end":{"line":4,"column":22}},"2":{"start":{"line":5,"column":8},"end":{"line":5,"column":50}},"3":{"start":{"line":6,"column":8},"end":{"line":6,"column":52}},"4":{"start":{"line":7,"column":8},"end":{"line":7,"column":51}},"5":{"start":{"line":8,"column":8},"end":{"line":8,"column":19}},"6":{"start":{"line":11,"column":20},"end":{"line":11,"column":22}},"7":{"start":{"line":12,"column":8},"end":{"line":12,"column":52}},"8":{"start":{"line":13,"column":8},"end":{"line":13,"column":50}},"9":{"start":{"line":14,"column":8},"end":{"line":14,"column":50}},"10":{"start":{"line":15,"column":8},"end":{"line":15,"column":51}},"11":{"start":{"line":16,"column":8},"end":{"line":16,"column":28}},"12":{"start":{"line":17,"column":8},"end":{"line":17,"column":19}}},"fnMap":{"0":{"name":"(anonymous_0)","decl":{"start":{"line":3,"column":18},"end":{"line":3,"column":19}},"loc":{"start":{"line":3,"column":24},"end":{"line":9,"column":5}},"line":3},"1":{"name":"(anonymous_1)","decl":{"start":{"line":10,"column":19},"end":{"line":10,"column":20}},"loc":{"start":{"line":10,"column":25},"end":{"line":18,"column":5}},"line":10}},"branchMap":{},"s":{"0":2,"1":4,"2":4,"3":4,"4":4,"5":4,"6":4,"7":4,"8":4,"9":4,"10":4,"11":4,"12":4},"f":{"0":4,"1":4},"b":{},"_coverageSchema":"1a1c01bbd47fc00a2c39e90264f33305004495a9","hash":"6b0ad5fc2839e6a7a3416143f1e48f5835e01f6e"}
}
