TN:
SF:app.js
FN:16,(anonymous_0)
FN:20,(anonymous_1)
FN:26,(anonymous_2)
FN:48,(anonymous_3)
FN:83,(anonymous_4)
FNF:5
FNH:5
FNDA:1,(anonymous_0)
FNDA:1,(anonymous_1)
FNDA:1,(anonymous_2)
FNDA:1,(anonymous_3)
FNDA:1,(anonymous_4)
DA:1,1
DA:2,1
DA:3,1
DA:4,1
DA:5,1
DA:8,1
DA:10,1
DA:11,1
DA:12,1
DA:14,1
DA:16,1
DA:17,1
DA:20,1
DA:21,1
DA:22,1
DA:23,1
DA:26,1
DA:27,1
DA:48,1
DA:49,1
DA:83,1
DA:84,1
DA:96,1
LF:23
LH:23
BRF:0
BRH:0
end_of_record
TN:
SF:Models\Cart.js
FN:1,(anonymous_0)
FNF:1
FNH:1
FNDA:3,(anonymous_0)
DA:1,3
DA:2,3
DA:15,3
LF:3
LH:3
BRF:0
BRH:0
end_of_record
TN:
SF:Models\Category.js
FN:1,(anonymous_0)
FNF:1
FNH:1
FNDA:3,(anonymous_0)
DA:1,3
DA:2,3
DA:17,3
LF:3
LH:3
BRF:0
BRH:0
end_of_record
TN:
SF:Models\Product.js
FN:1,(anonymous_0)
FNF:1
FNH:1
FNDA:3,(anonymous_0)
DA:1,3
DA:2,3
DA:20,3
LF:3
LH:3
BRF:0
BRH:0
end_of_record
TN:
SF:Models\Roles.js
FN:1,(anonymous_0)
FNF:1
FNH:1
FNDA:3,(anonymous_0)
DA:1,3
DA:3,3
DA:12,3
LF:3
LH:3
BRF:0
BRH:0
end_of_record
TN:
SF:Models\User.js
FN:1,(anonymous_0)
FNF:1
FNH:1
FNDA:3,(anonymous_0)
DA:1,3
DA:3,3
DA:18,3
LF:3
LH:3
BRF:0
BRH:0
end_of_record
TN:
SF:Models\index.js
FNF:0
FNH:0
DA:1,3
DA:2,3
DA:3,3
DA:4,3
DA:14,3
DA:15,3
DA:16,3
DA:17,3
DA:18,3
DA:19,3
DA:20,3
DA:21,3
DA:23,3
DA:29,3
DA:35,3
DA:41,3
DA:47,3
DA:48,3
LF:18
LH:18
BRDA:2,0,0,3
BRDA:2,0,1,0
BRF:2
BRH:1
end_of_record
TN:
SF:config\auth.config.js
FNF:0
FNH:0
DA:1,1
DA:5,1
LF:2
LH:2
BRF:0
BRH:0
end_of_record
TN:
SF:config\db.config.js
FNF:0
FNH:0
DA:1,3
DA:14,3
DA:28,3
LF:3
LH:3
BRF:0
BRH:0
end_of_record
TN:
SF:controller\auth.controller.js
FN:6,(anonymous_0)
FN:28,(anonymous_1)
FNF:2
FNH:0
FNDA:0,(anonymous_0)
FNDA:0,(anonymous_1)
DA:1,1
DA:2,1
DA:3,1
DA:4,1
DA:6,1
DA:7,0
DA:13,0
DA:14,0
DA:21,0
DA:22,0
DA:28,1
DA:29,0
DA:30,0
DA:31,0
DA:36,0
DA:37,0
DA:40,0
DA:42,0
DA:46,0
DA:47,0
DA:50,0
DA:52,0
DA:56,0
DA:57,0
DA:58,0
DA:59,0
DA:62,0
DA:71,1
LF:28
LH:7
BRDA:13,0,0,0
BRDA:13,0,1,0
BRDA:36,1,0,0
BRDA:36,1,1,0
BRDA:46,2,0,0
BRDA:46,2,1,0
BRF:6
BRH:0
end_of_record
TN:
SF:controller\cart.controller.js
FN:4,(anonymous_0)
FN:19,(anonymous_1)
FN:58,(anonymous_2)
FNF:3
FNH:0
FNDA:0,(anonymous_0)
FNDA:0,(anonymous_1)
FNDA:0,(anonymous_2)
DA:1,1
DA:4,1
DA:5,0
DA:8,0
DA:9,0
DA:10,0
DA:14,0
DA:19,1
DA:21,0
DA:22,0
DA:23,0
DA:24,0
DA:30,0
DA:31,0
DA:32,0
DA:33,0
DA:34,0
DA:35,0
DA:36,0
DA:37,0
DA:38,0
DA:44,0
DA:51,0
DA:54,0
DA:58,1
DA:59,0
DA:60,0
DA:61,0
DA:62,0
DA:63,0
DA:64,0
DA:65,0
DA:71,0
DA:78,1
LF:34
LH:5
BRDA:23,0,0,0
BRDA:23,0,1,0
BRDA:30,1,0,0
BRDA:30,1,1,0
BRF:4
BRH:0
end_of_record
TN:
SF:controller\category.controller.js
FN:5,(anonymous_0)
FN:16,(anonymous_1)
FN:27,(anonymous_2)
FN:36,(anonymous_3)
FN:47,(anonymous_4)
FNF:5
FNH:2
FNDA:2,(anonymous_0)
FNDA:1,(anonymous_1)
FNDA:0,(anonymous_2)
FNDA:0,(anonymous_3)
FNDA:0,(anonymous_4)
DA:1,2
DA:5,2
DA:6,2
DA:7,2
DA:8,1
DA:10,1
DA:16,2
DA:17,1
DA:18,1
DA:23,1
DA:24,1
DA:27,2
DA:28,0
DA:29,0
DA:32,0
DA:33,0
DA:36,2
DA:37,0
DA:38,0
DA:43,0
DA:44,0
DA:47,2
DA:49,0
DA:50,0
DA:53,0
DA:58,0
DA:59,0
DA:60,0
DA:64,2
LF:29
LH:15
BRF:0
BRH:0
end_of_record
TN:
SF:controller\product.controller.js
FN:8,(anonymous_0)
FN:37,(anonymous_1)
FN:45,(anonymous_2)
FN:58,(anonymous_3)
FN:76,(anonymous_4)
FN:91,(anonymous_5)
FN:102,(anonymous_6)
FNF:7
FNH:2
FNDA:1,(anonymous_0)
FNDA:0,(anonymous_1)
FNDA:0,(anonymous_2)
FNDA:0,(anonymous_3)
FNDA:1,(anonymous_4)
FNDA:0,(anonymous_5)
FNDA:0,(anonymous_6)
DA:1,2
DA:2,2
DA:3,2
DA:4,2
DA:5,2
DA:8,2
DA:9,1
DA:10,1
DA:11,1
DA:12,1
DA:14,1
DA:15,1
DA:17,0
DA:18,0
DA:19,0
DA:20,0
DA:22,0
DA:33,0
DA:34,0
DA:37,2
DA:38,0
DA:43,0
DA:45,2
DA:46,0
DA:54,0
DA:58,2
DA:60,0
DA:61,0
DA:62,0
DA:64,0
DA:69,0
DA:72,0
DA:73,0
DA:76,2
DA:77,1
DA:78,1
DA:79,1
DA:80,1
DA:81,1
DA:84,0
DA:87,0
DA:91,2
DA:92,0
DA:93,0
DA:98,0
DA:99,0
DA:102,2
DA:104,0
DA:105,0
DA:106,0
DA:109,0
DA:110,0
DA:115,0
DA:120,0
DA:121,0
DA:122,0
DA:127,2
LF:57
LH:24
BRDA:14,0,0,1
BRDA:14,0,1,0
BRDA:17,1,0,0
BRDA:17,1,1,0
BRDA:17,2,0,0
BRDA:17,2,1,0
BRDA:17,3,0,0
BRDA:17,3,1,0
BRDA:19,4,0,0
BRDA:19,4,1,0
BRDA:19,5,0,0
BRDA:19,5,1,0
BRDA:19,5,2,0
BRDA:61,6,0,0
BRDA:61,6,1,0
BRDA:104,7,0,0
BRDA:104,7,1,0
BRF:17
BRH:1
end_of_record
TN:
SF:middlewares\ErrorHandler.js
FN:1,(anonymous_0)
FNF:1
FNH:0
FNDA:0,(anonymous_0)
DA:1,1
DA:3,0
DA:4,0
DA:5,0
DA:6,0
DA:13,1
LF:6
LH:2
BRDA:4,0,0,0
BRDA:4,0,1,0
BRDA:5,1,0,0
BRDA:5,1,1,0
BRF:4
BRH:0
end_of_record
TN:
SF:middlewares\RequestValidator.js
FN:4,(anonymous_0)
FN:14,(anonymous_1)
FN:24,(anonymous_2)
FN:39,(anonymous_3)
FNF:4
FNH:1
FNDA:0,(anonymous_0)
FNDA:1,(anonymous_1)
FNDA:0,(anonymous_2)
FNDA:0,(anonymous_3)
DA:1,1
DA:2,1
DA:4,1
DA:5,0
DA:6,0
DA:9,0
DA:11,0
DA:14,1
DA:15,1
DA:16,1
DA:19,1
DA:21,0
DA:24,1
DA:25,0
DA:26,0
DA:27,0
DA:28,0
DA:29,0
DA:30,0
DA:32,0
DA:34,0
DA:35,0
DA:39,1
DA:40,0
DA:41,0
DA:42,0
DA:43,0
DA:44,0
DA:45,0
DA:47,0
DA:49,0
DA:50,0
DA:55,1
LF:33
LH:10
BRDA:5,0,0,0
BRDA:5,0,1,0
BRDA:15,1,0,1
BRDA:15,1,1,0
BRDA:15,2,0,1
BRDA:15,2,1,1
BRDA:15,2,2,1
BRDA:26,3,0,0
BRDA:26,3,1,0
BRDA:28,4,0,0
BRDA:28,4,1,0
BRDA:41,5,0,0
BRDA:41,5,1,0
BRDA:43,6,0,0
BRDA:43,6,1,0
BRF:15
BRH:4
end_of_record
TN:
SF:middlewares\VerifySignup.js
FN:5,(anonymous_0)
FN:22,(anonymous_1)
FNF:2
FNH:0
FNDA:0,(anonymous_0)
FNDA:0,(anonymous_1)
DA:2,1
DA:3,1
DA:4,1
DA:5,1
DA:7,0
DA:13,0
DA:14,0
DA:17,0
DA:19,0
DA:22,1
DA:24,0
DA:25,0
DA:26,0
DA:27,0
DA:30,0
DA:37,1
LF:16
LH:6
BRDA:13,0,0,0
BRDA:13,0,1,0
BRDA:24,1,0,0
BRDA:24,1,1,0
BRDA:26,2,0,0
BRDA:26,2,1,0
BRF:6
BRH:0
end_of_record
TN:
SF:middlewares\auth.jwt.js
FN:5,(anonymous_0)
FN:14,(anonymous_1)
FNF:2
FNH:0
FNDA:0,(anonymous_0)
FNDA:0,(anonymous_1)
DA:1,1
DA:2,1
DA:5,1
DA:7,0
DA:8,0
DA:9,0
DA:12,0
DA:14,0
DA:15,0
DA:16,0
DA:19,0
DA:21,0
DA:22,0
DA:27,1
LF:14
LH:4
BRDA:8,0,0,0
BRDA:8,0,1,0
BRDA:15,1,0,0
BRDA:15,1,1,0
BRF:4
BRH:0
end_of_record
TN:
SF:myapp\square.js
FN:1,(anonymous_0)
FNF:1
FNH:0
FNDA:0,(anonymous_0)
DA:1,1
DA:3,0
DA:4,0
DA:5,0
DA:6,0
DA:7,0
DA:9,0
DA:14,0
DA:18,1
LF:9
LH:2
BRDA:1,0,0,0
BRDA:3,1,0,0
BRDA:3,1,1,0
BRDA:4,2,0,0
BRDA:4,2,1,0
BRDA:4,3,0,0
BRDA:4,3,1,0
BRDA:6,4,0,0
BRDA:6,4,1,0
BRF:9
BRH:0
end_of_record
TN:
SF:myapp\sum.js
FN:1,(anonymous_0)
FNF:1
FNH:0
FNDA:0,(anonymous_0)
DA:1,1
DA:2,0
DA:3,0
DA:4,0
DA:6,0
DA:8,0
DA:9,0
DA:11,0
DA:14,1
LF:9
LH:2
BRDA:2,0,0,0
BRDA:2,0,1,0
BRDA:2,1,0,0
BRDA:2,1,1,0
BRDA:2,1,2,0
BRDA:2,1,3,0
BRDA:3,2,0,0
BRDA:3,2,1,0
BRDA:3,3,0,0
BRDA:3,3,1,0
BRDA:8,4,0,0
BRDA:8,4,1,0
BRDA:8,5,0,0
BRDA:8,5,1,0
BRF:14
BRH:0
end_of_record
TN:
SF:routes\auth.route.js
FN:7,(anonymous_0)
FNF:1
FNH:0
FNDA:0,(anonymous_0)
DA:1,1
DA:2,1
DA:3,1
DA:4,1
DA:5,1
DA:7,1
DA:8,0
DA:12,0
DA:15,1
DA:16,1
DA:18,1
LF:11
LH:9
BRF:0
BRH:0
end_of_record
TN:
SF:routes\cart.route.js
FNF:0
FNH:0
DA:1,1
DA:2,1
DA:3,1
DA:4,1
DA:5,1
DA:7,1
DA:8,1
DA:9,1
DA:12,1
LF:9
LH:9
BRF:0
BRH:0
end_of_record
TN:
SF:routes\categories.route.js
FNF:0
FNH:0
DA:1,1
DA:2,1
DA:3,1
DA:4,1
DA:6,1
DA:8,1
DA:10,1
DA:12,1
DA:14,1
DA:16,1
LF:10
LH:10
BRF:0
BRH:0
end_of_record
TN:
SF:routes\index.js
FN:12,(anonymous_0)
FNF:1
FNH:0
FNDA:0,(anonymous_0)
DA:1,1
DA:2,1
DA:5,1
DA:6,1
DA:7,1
DA:8,1
DA:10,1
DA:12,1
DA:13,0
DA:14,0
DA:19,1
DA:20,1
DA:21,1
DA:22,1
DA:24,1
LF:15
LH:13
BRF:0
BRH:0
end_of_record
TN:
SF:routes\products.route.js
FNF:0
FNH:0
DA:1,1
DA:2,1
DA:3,1
DA:4,1
DA:5,1
DA:7,1
DA:8,1
DA:9,1
DA:10,1
DA:11,1
DA:13,1
LF:11
LH:11
BRF:0
BRH:0
end_of_record
TN:
SF:test\unit\interceptor.js
FN:3,(anonymous_0)
FN:10,(anonymous_1)
FNF:2
FNH:2
FNDA:4,(anonymous_0)
FNDA:4,(anonymous_1)
DA:1,2
DA:4,4
DA:5,4
DA:6,4
DA:7,4
DA:8,4
DA:11,4
DA:12,4
DA:13,4
DA:14,4
DA:15,4
DA:16,4
DA:17,4
LF:13
LH:13
BRF:0
BRH:0
end_of_record
